<?xml version="1.0" encoding="UTF-8" ?>
<testsuite tests="11" failures="0" name="RunCukeTest" time="0.012" errors="0" skipped="0">
  <properties>
    <property name="java.runtime.name" value="Java(TM) SE Runtime Environment"/>
    <property name="sun.boot.library.path" value="C:\Program Files (x86)\Java\jdk1.8.0_291\jre\bin"/>
    <property name="java.vm.version" value="25.291-b10"/>
    <property name="java.vm.vendor" value="Oracle Corporation"/>
    <property name="maven.multiModuleProjectDirectory" value="C:/Users/mark/Documents/project/mecator-acceptance-test"/>
    <property name="java.vendor.url" value="http://java.oracle.com/"/>
    <property name="path.separator" value=";"/>
    <property name="guice.disable.misplaced.annotation.check" value="true"/>
    <property name="java.vm.name" value="Java HotSpot(TM) Client VM"/>
    <property name="file.encoding.pkg" value="sun.io"/>
    <property name="user.script" value=""/>
    <property name="user.country" value="GB"/>
    <property name="sun.java.launcher" value="SUN_STANDARD"/>
    <property name="sun.os.patch.level" value=""/>
    <property name="java.vm.specification.name" value="Java Virtual Machine Specification"/>
    <property name="user.dir" value="C:\Users\mark\Documents\project\mecator-acceptance-test"/>
    <property name="java.runtime.version" value="1.8.0_291-b10"/>
    <property name="java.awt.graphicsenv" value="sun.awt.Win32GraphicsEnvironment"/>
    <property name="java.endorsed.dirs" value="C:\Program Files (x86)\Java\jdk1.8.0_291\jre\lib\endorsed"/>
    <property name="os.arch" value="x86"/>
    <property name="java.io.tmpdir" value="C:\Users\mark\AppData\Local\Temp\"/>
    <property name="line.separator" value="
"/>
    <property name="java.vm.specification.vendor" value="Oracle Corporation"/>
    <property name="user.variant" value=""/>
    <property name="os.name" value="Windows 10"/>
    <property name="classworlds.conf" value="C:/Users/mark/Downloads/apache-maven-3.8.1-bin/apache-maven-3.8.1/bin/m2.conf"/>
    <property name="sun.jnu.encoding" value="Cp1252"/>
    <property name="java.library.path" value="C:\Program Files (x86)\Java\jdk1.8.0_291\bin;C:\windows\Sun\Java\bin;C:\windows\system32;C:\windows;C:\Users\mark\AppData\Local\Programs\Git\mingw64\bin;C:\Users\mark\AppData\Local\Programs\Git\usr\bin;C:\Users\mark\bin;C:\windows\system32;C:\windows;C:\windows\System32\Wbem;C:\windows\System32\WindowsPowerShell\v1.0;C:\windows\System32\OpenSSH;C:\Program Files (x86)\NVIDIA Corporation\PhysX\Common;C:\Program Files\NVIDIA Corporation\NVIDIA NvDLISR;C:\Users\mark\Downloads\apache-maven-3.8.1-bin\apache-maven-3.8.1\bin;%M2_HOME%\bin;C:\Program Files (x86)\Java\jdk1.8.0_291\bin;C:\Program Files (x86)\Common Files\Oracle\Java\javapath;C:\windows\system32;C:\windows;C:\windows\System32\Wbem;C:\windows\System32\WindowsPowerShell\v1.0;C:\windows\System32\OpenSSH;C:\Program Files (x86)\NVIDIA Corporation\PhysX\Common;C:\Program Files\NVIDIA Corporation\NVIDIA NvDLISR;C:\Users\mark\Downloads\apache-maven-3.8.1-bin\apache-maven-3.8.1\bin;C:\Users\mark\Downloads\apache-maven-3.8.1-bin\bin;C:\Program Files (x86)\Java\jdk1.8.0_291\bin;C:\Program Files (x86)\Common Files\Oracle\Java\javapath;C:\Users\mark\AppData\Local\Microsoft\WindowsApps;C:\Users\mark\AppData\Local\Programs\Git\cmd;C:\Users\mark\Downloads\apache-maven-3.8.1-bin\apache-maven-3.8.1\bin;C:\bin;."/>
    <property name="maven.conf" value="C:/Users/mark/Downloads/apache-maven-3.8.1-bin/apache-maven-3.8.1/conf"/>
    <property name="java.specification.name" value="Java Platform API Specification"/>
    <property name="java.class.version" value="52.0"/>
    <property name="sun.management.compiler" value="HotSpot Client Compiler"/>
    <property name="os.version" value="10.0"/>
    <property name="library.jansi.path" value="C:/Users/mark/Downloads/apache-maven-3.8.1-bin/apache-maven-3.8.1/lib/jansi-native"/>
    <property name="user.home" value="C:\Users\mark"/>
    <property name="user.timezone" value="Europe/London"/>
    <property name="java.awt.printerjob" value="sun.awt.windows.WPrinterJob"/>
    <property name="java.specification.version" value="1.8"/>
    <property name="file.encoding" value="Cp1252"/>
    <property name="user.name" value="mark"/>
    <property name="java.class.path" value="C:/Users/mark/Downloads/apache-maven-3.8.1-bin/apache-maven-3.8.1/boot/plexus-classworlds-2.6.0.jar"/>
    <property name="java.vm.specification.version" value="1.8"/>
    <property name="sun.arch.data.model" value="32"/>
    <property name="java.home" value="C:\Program Files (x86)\Java\jdk1.8.0_291\jre"/>
    <property name="sun.java.command" value="org.codehaus.plexus.classworlds.launcher.Launcher test"/>
    <property name="java.specification.vendor" value="Oracle Corporation"/>
    <property name="user.language" value="en"/>
    <property name="awt.toolkit" value="sun.awt.windows.WToolkit"/>
    <property name="java.vm.info" value="mixed mode"/>
    <property name="java.version" value="1.8.0_291"/>
    <property name="java.ext.dirs" value="C:\Program Files (x86)\Java\jdk1.8.0_291\jre\lib\ext;C:\windows\Sun\Java\lib\ext"/>
    <property name="sun.boot.class.path" value="C:\Program Files (x86)\Java\jdk1.8.0_291\jre\lib\resources.jar;C:\Program Files (x86)\Java\jdk1.8.0_291\jre\lib\rt.jar;C:\Program Files (x86)\Java\jdk1.8.0_291\jre\lib\sunrsasign.jar;C:\Program Files (x86)\Java\jdk1.8.0_291\jre\lib\jsse.jar;C:\Program Files (x86)\Java\jdk1.8.0_291\jre\lib\jce.jar;C:\Program Files (x86)\Java\jdk1.8.0_291\jre\lib\charsets.jar;C:\Program Files (x86)\Java\jdk1.8.0_291\jre\lib\jfr.jar;C:\Program Files (x86)\Java\jdk1.8.0_291\jre\classes"/>
    <property name="sun.stderr.encoding" value="cp850"/>
    <property name="java.vendor" value="Oracle Corporation"/>
    <property name="maven.home" value="C:\Users\mark\Downloads\apache-maven-3.8.1-bin\apache-maven-3.8.1"/>
    <property name="file.separator" value="\"/>
    <property name="java.vendor.url.bug" value="http://bugreport.sun.com/bugreport/"/>
    <property name="sun.cpu.endian" value="little"/>
    <property name="sun.io.unicode.encoding" value="UnicodeLittle"/>
    <property name="sun.stdout.encoding" value="cp850"/>
    <property name="sun.desktop" value="windows"/>
    <property name="sun.cpu.isalist" value="pentium_pro+mmx pentium_pro pentium+mmx pentium i486 i386 i86"/>
  </properties>
  <testcase classname="| Login - My Store | My account - My Store | Dresses - My Store | mark | kofi | Curiy7n1 | Product successfully added to your shopping cart | 12 | May | 1977 | 102 drive | london | Texas | 00000 | United States | 07952983202 |" name="Given I am on the home page" time="0.003"/>
  <testcase classname="| Login - My Store | My account - My Store | Dresses - My Store | mark | kofi | Curiy7n1 | Product successfully added to your shopping cart | 12 | May | 1977 | 102 drive | london | Texas | 00000 | United States | 07952983202 |" name="When I create an account" time="0"/>
  <testcase classname="| Login - My Store | My account - My Store | Dresses - My Store | mark | kofi | Curiy7n1 | Product successfully added to your shopping cart | 12 | May | 1977 | 102 drive | london | Texas | 00000 | United States | 07952983202 |" name="Then I see a browser title containing &quot;Login - My Store&quot;" time="0.006"/>
  <testcase classname="| Login - My Store | My account - My Store | Dresses - My Store | mark | kofi | Curiy7n1 | Product successfully added to your shopping cart | 12 | May | 1977 | 102 drive | london | Texas | 00000 | United States | 07952983202 |" name="When I provide my details as follows: &quot;mark&quot;, &quot;kofi&quot;, &quot;Curiy7n1&quot;, &quot;12&quot;, &quot;May&quot;, &quot;1977&quot;, &quot;102 drive&quot;, &quot;london&quot;, &quot;Texas&quot;, &quot;00000&quot;, &quot;United States&quot;, &quot;07952983202&quot;" time="0"/>
  <testcase classname="| Login - My Store | My account - My Store | Dresses - My Store | mark | kofi | Curiy7n1 | Product successfully added to your shopping cart | 12 | May | 1977 | 102 drive | london | Texas | 00000 | United States | 07952983202 |" name="And I click to register" time="0"/>
  <testcase classname="| Login - My Store | My account - My Store | Dresses - My Store | mark | kofi | Curiy7n1 | Product successfully added to your shopping cart | 12 | May | 1977 | 102 drive | london | Texas | 00000 | United States | 07952983202 |" name="Then I see a browser title containing &quot;My account - My Store&quot;" time="0"/>
  <testcase classname="| Login - My Store | My account - My Store | Dresses - My Store | mark | kofi | Curiy7n1 | Product successfully added to your shopping cart | 12 | May | 1977 | 102 drive | london | Texas | 00000 | United States | 07952983202 |" name="When I click on the dresses link" time="0"/>
  <testcase classname="| Login - My Store | My account - My Store | Dresses - My Store | mark | kofi | Curiy7n1 | Product successfully added to your shopping cart | 12 | May | 1977 | 102 drive | london | Texas | 00000 | United States | 07952983202 |" name="Then I see a browser title containing &quot;Dresses - My Store&quot;" time="0"/>
  <testcase classname="| Login - My Store | My account - My Store | Dresses - My Store | mark | kofi | Curiy7n1 | Product successfully added to your shopping cart | 12 | May | 1977 | 102 drive | london | Texas | 00000 | United States | 07952983202 |" name="When I decide to add a dress to the cart" time="0"/>
  <testcase classname="| Login - My Store | My account - My Store | Dresses - My Store | mark | kofi | Curiy7n1 | Product successfully added to your shopping cart | 12 | May | 1977 | 102 drive | london | Texas | 00000 | United States | 07952983202 |" name="Then The dress is added successfully text &quot;Product successfully added to your shopping cart&quot;" time="0.001"/>
  <testcase classname="| Login - My Store | My account - My Store | Dresses - My Store | mark | kofi | Curiy7n1 | Product successfully added to your shopping cart | 12 | May | 1977 | 102 drive | london | Texas | 00000 | United States | 07952983202 |" name="| Login - My Store | My account - My Store | Dresses - My Store | mark | kofi | Curiy7n1 | Product successfully added to your shopping cart | 12 | May | 1977 | 102 drive | london | Texas | 00000 | United States | 07952983202 |" time="0.002"/>
</testsuite>